<?xml version="1.0" encoding="UTF-8"?>
<!-- Generated by org.testng.reporters.JUnitReportReporter -->
<testsuite hostname="DESKTOP-2I544G5" failures="0" tests="1" name="driverFactory.AppTest" time="37.125" errors="0" timestamp="2024-07-30T11:43:07 IST" skipped="0">
  <testcase classname="driverFactory.AppTest" name="kickstart" time="37.125">
    <system-out>
      <![CDATA[Stock-000002540====Stock-000002540]]>
    </system-out>
  </testcase> <!-- kickstart -->
  <system-out>
    <![CDATA[Stock-000002540====Stock-000002540]]>
  </system-out>
</testsuite> <!-- driverFactory.AppTest -->
